<?xml version="1.0" encoding="UTF-8"?>
<testng-results ignored="0" total="1" passed="1" failed="0" skipped="0">
  <reporter-output>
  </reporter-output>
  <suite started-at="2020-11-16T18:07:41 EST" name="Default suite" finished-at="2020-11-16T18:07:59 EST" duration-ms="18242">
    <groups>
    </groups>
    <test started-at="2020-11-16T18:07:41 EST" name="Default test" finished-at="2020-11-16T18:07:59 EST" duration-ms="18242">
      <class name="com.Banking_Test_Cases.Reset_password_Page_Test_01">
        <test-method is-config="true" signature="SetUp()[pri:0, instance:com.Banking_Test_Cases.Reset_password_Page_Test_01@2928854b]" started-at="2020-11-16T18:07:41 EST" name="SetUp" finished-at="2020-11-16T18:07:48 EST" duration-ms="7307" status="PASS">
          <reporter-output>
          </reporter-output>
        </test-method> <!-- SetUp -->
        <test-method signature="password_reset_page()[pri:0, instance:com.Banking_Test_Cases.Reset_password_Page_Test_01@2928854b]" started-at="2020-11-16T18:07:48 EST" name="password_reset_page" finished-at="2020-11-16T18:07:59 EST" duration-ms="10866" status="PASS">
          <reporter-output>
          </reporter-output>
        </test-method> <!-- password_reset_page -->
      </class> <!-- com.Banking_Test_Cases.Reset_password_Page_Test_01 -->
    </test> <!-- Default test -->
  </suite> <!-- Default suite -->
</testng-results>
